2015-08-15 14:08:09,179 [main] WARN  o.e.r.c.r.p.ProcessableProposalFactory - Unknown JDT proposal type 'class org.eclipse.jdt.internal.ui.text.java.LazyJavaCompletionProposal' ('@return'). Returning original proposal instead.
2015-08-18 19:35:14,085 [main] WARN  o.e.r.c.r.p.ProcessableProposalFactory - Unknown JDT proposal type 'class org.eclipse.jdt.internal.ui.text.javadoc.JavadocInlineTagCompletionProposal' ('{@docRoot}'). Returning original proposal instead.
2015-08-18 19:35:14,116 [main] WARN  o.e.r.c.r.p.ProcessableProposalFactory - Unknown JDT proposal type 'class org.eclipse.jdt.internal.ui.text.javadoc.JavadocInlineTagCompletionProposal' ('{@value}'). Returning original proposal instead.
2015-08-18 19:35:14,131 [main] WARN  o.e.r.c.r.p.ProcessableProposalFactory - Unknown JDT proposal type 'class org.eclipse.jdt.internal.ui.text.javadoc.JavadocInlineTagCompletionProposal' ('{@literal}'). Returning original proposal instead.
2015-08-18 19:35:14,147 [main] WARN  o.e.r.c.r.p.ProcessableProposalFactory - Unknown JDT proposal type 'class org.eclipse.jdt.internal.ui.text.javadoc.JavadocInlineTagCompletionProposal' ('{@inheritDoc}'). Returning original proposal instead.
2015-08-18 19:35:14,163 [main] WARN  o.e.r.c.r.p.ProcessableProposalFactory - Unknown JDT proposal type 'class org.eclipse.jdt.internal.ui.text.javadoc.JavadocInlineTagCompletionProposal' ('{@linkplain}'). Returning original proposal instead.
2015-08-18 19:35:14,178 [main] WARN  o.e.r.c.r.p.ProcessableProposalFactory - Unknown JDT proposal type 'class org.eclipse.jdt.internal.ui.text.javadoc.JavadocInlineTagCompletionProposal' ('{@code}'). Returning original proposal instead.
2015-08-18 19:35:14,194 [main] WARN  o.e.r.c.r.p.ProcessableProposalFactory - Unknown JDT proposal type 'class org.eclipse.jdt.internal.ui.text.javadoc.JavadocInlineTagCompletionProposal' ('{@link}'). Returning original proposal instead.
2015-08-19 08:55:44,100 [main] WARN  o.e.r.c.r.p.ProcessableProposalFactory - Unknown JDT proposal type 'class org.eclipse.jdt.internal.ui.text.javadoc.JavadocInlineTagCompletionProposal' ('{@value}'). Returning original proposal instead.
2015-08-19 08:55:44,147 [main] WARN  o.e.r.c.r.p.ProcessableProposalFactory - Unknown JDT proposal type 'class org.eclipse.jdt.internal.ui.text.javadoc.JavadocInlineTagCompletionProposal' ('{@code}'). Returning original proposal instead.
2015-08-19 08:55:44,162 [main] WARN  o.e.r.c.r.p.ProcessableProposalFactory - Unknown JDT proposal type 'class org.eclipse.jdt.internal.ui.text.javadoc.JavadocInlineTagCompletionProposal' ('{@literal}'). Returning original proposal instead.
2015-08-19 08:55:44,178 [main] WARN  o.e.r.c.r.p.ProcessableProposalFactory - Unknown JDT proposal type 'class org.eclipse.jdt.internal.ui.text.java.LazyJavaCompletionProposal' ('@since'). Returning original proposal instead.
2015-08-19 08:55:44,194 [main] WARN  o.e.r.c.r.p.ProcessableProposalFactory - Unknown JDT proposal type 'class org.eclipse.jdt.internal.ui.text.java.LazyJavaCompletionProposal' ('@category'). Returning original proposal instead.
2015-08-19 08:55:44,209 [main] WARN  o.e.r.c.r.p.ProcessableProposalFactory - Unknown JDT proposal type 'class org.eclipse.jdt.internal.ui.text.java.LazyJavaCompletionProposal' ('@param'). Returning original proposal instead.
2015-08-19 08:55:44,225 [main] WARN  o.e.r.c.r.p.ProcessableProposalFactory - Unknown JDT proposal type 'class org.eclipse.jdt.internal.ui.text.javadoc.JavadocInlineTagCompletionProposal' ('{@docRoot}'). Returning original proposal instead.
2015-08-19 08:55:44,225 [main] WARN  o.e.r.c.r.p.ProcessableProposalFactory - Unknown JDT proposal type 'class org.eclipse.jdt.internal.ui.text.javadoc.JavadocInlineTagCompletionProposal' ('{@inheritDoc}'). Returning original proposal instead.
2015-08-19 08:55:44,252 [main] WARN  o.e.r.c.r.p.ProcessableProposalFactory - Unknown JDT proposal type 'class org.eclipse.jdt.internal.ui.text.java.LazyJavaCompletionProposal' ('@exception'). Returning original proposal instead.
2015-08-19 08:55:44,263 [main] WARN  o.e.r.c.r.p.ProcessableProposalFactory - Unknown JDT proposal type 'class org.eclipse.jdt.internal.ui.text.java.LazyJavaCompletionProposal' ('@see'). Returning original proposal instead.
2015-08-19 08:55:44,264 [main] WARN  o.e.r.c.r.p.ProcessableProposalFactory - Unknown JDT proposal type 'class org.eclipse.jdt.internal.ui.text.javadoc.JavadocInlineTagCompletionProposal' ('{@link}'). Returning original proposal instead.
2015-08-19 08:55:44,279 [main] WARN  o.e.r.c.r.p.ProcessableProposalFactory - Unknown JDT proposal type 'class org.eclipse.jdt.internal.ui.text.java.LazyJavaCompletionProposal' ('@serialData'). Returning original proposal instead.
2015-08-19 08:55:44,295 [main] WARN  o.e.r.c.r.p.ProcessableProposalFactory - Unknown JDT proposal type 'class org.eclipse.jdt.internal.ui.text.java.LazyJavaCompletionProposal' ('@return'). Returning original proposal instead.
2015-08-19 08:55:44,311 [main] WARN  o.e.r.c.r.p.ProcessableProposalFactory - Unknown JDT proposal type 'class org.eclipse.jdt.internal.ui.text.javadoc.JavadocInlineTagCompletionProposal' ('{@linkplain}'). Returning original proposal instead.
2015-08-19 08:55:44,326 [main] WARN  o.e.r.c.r.p.ProcessableProposalFactory - Unknown JDT proposal type 'class org.eclipse.jdt.internal.ui.text.java.LazyJavaCompletionProposal' ('@deprecated'). Returning original proposal instead.
2015-08-19 08:55:44,326 [main] WARN  o.e.r.c.r.p.ProcessableProposalFactory - Unknown JDT proposal type 'class org.eclipse.jdt.internal.ui.text.java.LazyJavaCompletionProposal' ('@throws'). Returning original proposal instead.
